10:34:24: Creating resource group General
10:34:24: Creating resource group Internal
10:34:24: Creating resource group Autodetect
10:34:24: SceneManagerFactory for type 'DefaultSceneManager' registered.
10:34:24: Registering ResourceManager for type Material
10:34:24: Registering ResourceManager for type Mesh
10:34:25: Registering ResourceManager for type Skeleton
10:34:25: MovableObjectFactory for type 'ParticleSystem' registered.
10:34:25: ArchiveFactory for archive type FileSystem registered.
10:34:25: ArchiveFactory for archive type Zip registered.
10:34:25: ArchiveFactory for archive type EmbeddedZip registered.
10:34:25: DDS codec registering
10:34:25: FreeImage version: 3.17.0
10:34:25: This program uses FreeImage, a free, open source image library supporting all common bitmap formats. See http://freeimage.sourceforge.net for details
10:34:25: Supported formats: bmp,ico,jpg,jif,jpeg,jpe,jng,koa,iff,lbm,mng,pbm,pbm,pcd,pcx,pgm,pgm,png,ppm,ppm,ras,tga,targa,tif,tiff,wap,wbmp,wbm,psd,cut,xbm,xpm,gif,hdr,g3,sgi,rgb,rgba,bw,exr,j2k,j2c,jp2,pfm,pct,pict,pic,3fr,arw,bay,bmq,cap,cine,cr2,crw,cs1,dc2,dcr,drf,dsc,dng,erf,fff,ia,iiq,k25,kc2,kdc,mdc,mef,mos,mrw,nef,nrw,orf,pef,ptx,pxn,qtk,raf,raw,rdc,rw2,rwl,rwz,sr2,srf,srw,sti,x3f,webp,jxr,wdp,hdp
10:34:25: Registering ResourceManager for type HighLevelGpuProgram
10:34:25: Registering ResourceManager for type Compositor
10:34:25: MovableObjectFactory for type 'Entity' registered.
10:34:25: MovableObjectFactory for type 'Light' registered.
10:34:25: MovableObjectFactory for type 'BillboardSet' registered.
10:34:25: MovableObjectFactory for type 'ManualObject' registered.
10:34:25: MovableObjectFactory for type 'BillboardChain' registered.
10:34:25: MovableObjectFactory for type 'RibbonTrail' registered.
10:34:25: *-*-* OGRE Initialising
10:34:25: *-*-* Version 1.9.0 (Ghadamon)
10:34:25: Loading library /usr/lib64/OGRE/RenderSystem_GL.so
10:34:25: Installing plugin: GL RenderSystem
10:34:25: OpenGL Rendering Subsystem created.
10:34:26: Plugin successfully installed
10:34:26: Loading library /usr/lib64/OGRE/Plugin_CgProgramManager.so
10:34:26: Installing plugin: Cg Program Manager
10:34:26: Plugin successfully installed
10:34:26: Loading library /usr/lib64/OGRE/Plugin_ParticleFX.so
10:34:26: Installing plugin: ParticleFX
10:34:26: Particle Emitter Type 'Point' registered
10:34:26: Particle Emitter Type 'Box' registered
10:34:26: Particle Emitter Type 'Ellipsoid' registered
10:34:26: Particle Emitter Type 'Cylinder' registered
10:34:26: Particle Emitter Type 'Ring' registered
10:34:26: Particle Emitter Type 'HollowEllipsoid' registered
10:34:26: Particle Affector Type 'LinearForce' registered
10:34:26: Particle Affector Type 'ColourFader' registered
10:34:26: Particle Affector Type 'ColourFader2' registered
10:34:26: Particle Affector Type 'ColourImage' registered
10:34:26: Particle Affector Type 'ColourInterpolator' registered
10:34:26: Particle Affector Type 'Scaler' registered
10:34:26: Particle Affector Type 'Rotator' registered
10:34:26: Particle Affector Type 'DirectionRandomiser' registered
10:34:26: Particle Affector Type 'DeflectorPlane' registered
10:34:26: Plugin successfully installed
10:34:26: Particle Emitter Type 'Nif' registered
10:34:26: Particle Affector Type 'GrowFade' registered
10:34:26: Particle Affector Type 'Gravity' registered
10:34:26: OverlayElementFactory for type Panel registered.
10:34:26: OverlayElementFactory for type BorderPanel registered.
10:34:26: OverlayElementFactory for type TextArea registered.
10:34:26: Registering ResourceManager for type Font
10:34:26: Creating resource group Data00000003
10:34:26: ArchiveFactory for archive type Dir registered.
10:34:27: Added resource location '/home/sotosgc/.wine/drive_c/Program Files (x86)/Steam/steamapps/common/Morrowind/Data Files' of type 'Dir' to resource group 'Data00000003' with recursive option
10:34:27: Creating resource group Data00000002
10:34:27: Added resource location '/usr/share/games/openmw/data' of type 'Dir' to resource group 'Data00000002' with recursive option
10:34:27: Creating resource group Data00000001
10:34:27: Added resource location '/home/sotosgc/.local/share/openmw/data' of type 'Dir' to resource group 'Data00000001' with recursive option
10:34:27: Creating resource group DataBSA00000003
10:34:27: ArchiveFactory for archive type BSA registered.
10:34:27: Added resource location '/home/sotosgc/.wine/drive_c/Program Files (x86)/Steam/steamapps/common/Morrowind/Data Files/Morrowind.bsa' of type 'BSA' to resource group 'DataBSA00000003' with recursive option
10:34:27: Creating resource group DataBSA00000002
10:34:27: Added resource location '/home/sotosgc/.wine/drive_c/Program Files (x86)/Steam/steamapps/common/Morrowind/Data Files/Tribunal.bsa' of type 'BSA' to resource group 'DataBSA00000002' with recursive option
10:34:27: Creating resource group DataBSA00000001
10:34:27: Added resource location '/home/sotosgc/.wine/drive_c/Program Files (x86)/Steam/steamapps/common/Morrowind/Data Files/Bloodmoon.bsa' of type 'BSA' to resource group 'DataBSA00000001' with recursive option
10:34:27: CPU Identifier & Features
10:34:27: -------------------------
10:34:27:  *   CPU ID: AuthenticAMD: AMD A4-6210 APU with AMD Radeon R3 Graphics
10:34:27:  *      SSE: yes
10:34:27:  *     SSE2: yes
10:34:27:  *     SSE3: yes
10:34:27:  *      MMX: yes
10:34:27:  *   MMXEXT: yes
10:34:27:  *    3DNOW: no
10:34:27:  * 3DNOWEXT: no
10:34:27:  *     CMOV: yes
10:34:27:  *      TSC: yes
10:34:27:  *      FPU: yes
10:34:27:  *      PRO: yes
10:34:27:  *       HT: no
10:34:27: -------------------------
10:34:27: ******************************
*** Starting GLX Subsystem ***
******************************
10:34:27: Registering ResourceManager for type Texture
10:34:28: GLRenderSystem::_createRenderWindow "InactiveHidden", 1x1 windowed  miscParams: FSAA=0 hidden=true title= vsync=false 
10:34:28: GLXWindow::create used FBConfigID = 177
10:34:28: GL_VERSION = 3.0 Mesa 10.5.6
10:34:28: GL_VENDOR = X.Org
10:34:28: GL_RENDERER = Gallium 0.4 on AMD MULLINS
10:34:28: GL_EXTENSIONS = GL_ARB_multisample GL_EXT_abgr GL_EXT_bgra GL_EXT_blend_color GL_EXT_blend_minmax GL_EXT_blend_subtract GL_EXT_copy_texture GL_EXT_polygon_offset GL_EXT_subtexture GL_EXT_texture_object GL_EXT_vertex_array GL_EXT_compiled_vertex_array GL_EXT_texture GL_EXT_texture3D GL_IBM_rasterpos_clip GL_ARB_point_parameters GL_EXT_draw_range_elements GL_EXT_packed_pixels GL_EXT_point_parameters GL_EXT_rescale_normal GL_EXT_separate_specular_color GL_EXT_texture_edge_clamp GL_SGIS_generate_mipmap GL_SGIS_texture_border_clamp GL_SGIS_texture_edge_clamp GL_SGIS_texture_lod GL_ARB_framebuffer_sRGB GL_ARB_multitexture GL_EXT_framebuffer_sRGB GL_IBM_multimode_draw_arrays GL_IBM_texture_mirrored_repeat GL_ARB_texture_cube_map GL_ARB_texture_env_add GL_ARB_transpose_matrix GL_EXT_blend_func_separate GL_EXT_fog_coord GL_EXT_multi_draw_arrays GL_EXT_secondary_color GL_EXT_texture_env_add GL_EXT_texture_filter_anisotropic GL_EXT_texture_lod_bias GL_INGR_blend_func_separate GL_NV_blend_square GL_NV_light_max_exponent GL_NV_texgen_reflection GL_NV_texture_env_combine4 GL_S3_s3tc GL_SUN_multi_draw_arrays GL_ARB_texture_border_clamp GL_ARB_texture_compression GL_EXT_framebuffer_object GL_EXT_texture_compression_s3tc GL_EXT_texture_env_combine GL_EXT_texture_env_dot3 GL_MESA_window_pos GL_NV_packed_depth_stencil GL_NV_texture_rectangle GL_ARB_depth_texture GL_ARB_occlusion_query GL_ARB_shadow GL_ARB_texture_env_combine GL_ARB_texture_env_crossbar GL_ARB_texture_env_dot3 GL_ARB_texture_mirrored_repeat GL_ARB_window_pos GL_EXT_stencil_two_side GL_EXT_texture_cube_map GL_NV_depth_clamp GL_NV_fog_distance GL_APPLE_packed_pixels GL_APPLE_vertex_array_object GL_ARB_draw_buffers GL_ARB_fragment_program GL_ARB_fragment_shader GL_ARB_shader_objects GL_ARB_vertex_program GL_ARB_vertex_shader GL_ATI_draw_buffers GL_ATI_texture_env_combine3 GL_ATI_texture_float GL_EXT_shadow_funcs GL_EXT_stencil_wrap GL_MESA_pack_invert GL_NV_primitive_restart GL_ARB_depth_clamp GL_ARB_fragment_program_shadow GL_ARB_half_float_pixel GL_ARB_occlusion_query2 GL_ARB_point_sprite GL_ARB_shading_language_100 GL_ARB_sync GL_ARB_texture_non_power_of_two GL_ARB_vertex_buffer_object GL_ATI_blend_equation_separate GL_EXT_blend_equation_separate GL_OES_read_format GL_ARB_color_buffer_float GL_ARB_pixel_buffer_object GL_ARB_texture_compression_rgtc GL_ARB_texture_float GL_ARB_texture_rectangle GL_ATI_texture_compression_3dc GL_EXT_packed_float GL_EXT_pixel_buffer_object GL_EXT_texture_compression_dxt1 GL_EXT_texture_compression_rgtc GL_EXT_texture_mirror_clamp GL_EXT_texture_rectangle GL_EXT_texture_sRGB GL_EXT_texture_shared_exponent GL_ARB_framebuffer_object GL_EXT_framebuffer_blit GL_EXT_framebuffer_multisample GL_EXT_packed_depth_stencil GL_ARB_vertex_array_object GL_ATI_separate_stencil GL_ATI_texture_mirror_once GL_EXT_draw_buffers2 GL_EXT_draw_instanced GL_EXT_gpu_program_parameters GL_EXT_texture_array GL_EXT_texture_compression_latc GL_EXT_texture_integer GL_EXT_texture_sRGB_decode GL_EXT_timer_query GL_OES_EGL_image GL_ARB_copy_buffer GL_ARB_depth_buffer_float GL_ARB_draw_instanced GL_ARB_half_float_vertex GL_ARB_instanced_arrays GL_ARB_map_buffer_range GL_ARB_texture_rg GL_ARB_texture_swizzle GL_ARB_vertex_array_bgra GL_EXT_texture_swizzle GL_EXT_vertex_array_bgra GL_NV_conditional_render GL_AMD_conservative_depth GL_AMD_draw_buffers_blend GL_AMD_seamless_cubemap_per_texture GL_AMD_shader_stencil_export GL_ARB_ES2_compatibility GL_ARB_blend_func_extended GL_ARB_debug_output GL_ARB_draw_buffers_blend GL_ARB_draw_elements_base_vertex GL_ARB_explicit_attrib_location GL_ARB_fragment_coord_conventions GL_ARB_provoking_vertex GL_ARB_sample_shading GL_ARB_sampler_objects GL_ARB_seamless_cube_map GL_ARB_shader_stencil_export GL_ARB_shader_texture_lod GL_ARB_texture_cube_map_array GL_ARB_texture_gather GL_ARB_texture_multisample GL_ARB_texture_query_lod GL_ARB_texture_rgb10_a2ui GL_ARB_uniform_buffer_object GL_ARB_vertex_type_2_10_10_10_rev GL_EXT_provoking_vertex GL_EXT_texture_snorm GL_MESA_texture_signed_rgba GL_NV_texture_barrier GL_ARB_get_program_binary GL_ARB_robustness GL_ARB_separate_shader_objects GL_ARB_shader_bit_encoding GL_ARB_texture_compression_bptc GL_ARB_timer_query GL_ARB_transform_feedback2 GL_ARB_transform_feedback3 GL_NV_vdpau_interop GL_ANGLE_texture_compression_dxt3 GL_ANGLE_texture_compression_dxt5 GL_ARB_base_instance GL_ARB_compressed_texture_pixel_storage GL_ARB_conservative_depth GL_ARB_internalformat_query GL_ARB_map_buffer_alignment GL_ARB_shading_language_420pack GL_ARB_shading_language_packing GL_ARB_texture_storage GL_ARB_transform_feedback_instanced GL_EXT_framebuffer_multisample_blit_scaled GL_EXT_transform_feedback GL_AMD_shader_trinary_minmax GL_ARB_ES3_compatibility GL_ARB_clear_buffer_object GL_ARB_explicit_uniform_location GL_ARB_invalidate_subdata GL_ARB_stencil_texturing GL_ARB_texture_query_levels GL_ARB_texture_storage_multisample GL_ARB_vertex_attrib_binding GL_KHR_debug GL_ARB_buffer_storage GL_ARB_multi_bind GL_ARB_seamless_cubemap_per_texture GL_ARB_texture_mirror_clamp_to_edge GL_ARB_vertex_type_10f_11f_11f_rev GL_EXT_shader_integer_mix GL_ARB_clip_control GL_ARB_texture_barrier GL_EXT_polygon_offset_clamp GL_KHR_context_flush_control 
10:34:28: Supported GLX extensions: GLX_ARB_create_context GLX_ARB_create_context_profile GLX_ARB_fbconfig_float GLX_ARB_framebuffer_sRGB GLX_ARB_get_proc_address GLX_ARB_multisample GLX_EXT_import_context GLX_EXT_visual_info GLX_EXT_visual_rating GLX_EXT_framebuffer_sRGB GLX_EXT_create_context_es2_profile GLX_MESA_copy_sub_buffer GLX_MESA_multithread_makecurrent GLX_MESA_query_renderer GLX_MESA_swap_control GLX_OML_swap_method GLX_OML_sync_control GLX_SGI_make_current_read GLX_SGI_swap_control GLX_SGI_video_sync GLX_SGIS_multisample GLX_SGIX_fbconfig GLX_SGIX_pbuffer GLX_SGIX_visual_select_group GLX_EXT_texture_from_pixmap GLX_INTEL_swap_event 
10:34:28: ***************************
10:34:28: *** GL Renderer Started ***
10:34:28: ***************************
10:34:28: Registering ResourceManager for type GpuProgram
10:34:28: GLSL support detected
10:34:28: GL: Using GL_EXT_framebuffer_object for rendering to textures (best)
10:34:28: FBO PF_UNKNOWN depth/stencil support: D0S1 D0S4 D0S8 D0S16 D16S0 D24S0 D32S0 Packed-D24S8 
10:34:28: FBO PF_L8 depth/stencil support: D0S0 D0S1 D0S4 D0S8 D0S16 D16S0 D24S0 D32S0 Packed-D24S8 
10:34:28: FBO PF_L16 depth/stencil support: D0S0 D0S1 D0S4 D0S8 D0S16 D16S0 D24S0 D32S0 Packed-D24S8 
10:34:28: FBO PF_A8 depth/stencil support: D0S0 D0S1 D0S4 D0S8 D0S16 D16S0 D24S0 D32S0 Packed-D24S8 
10:34:28: FBO PF_A4L4 depth/stencil support: D0S0 D0S1 D0S4 D0S8 D0S16 D16S0 D24S0 D32S0 Packed-D24S8 
10:34:28: FBO PF_BYTE_LA depth/stencil support: D0S0 D0S1 D0S4 D0S8 D0S16 D16S0 D24S0 D32S0 Packed-D24S8 
10:34:28: FBO PF_R5G6B5 depth/stencil support: D0S0 D0S1 D0S4 D0S8 D0S16 D16S0 D24S0 D32S0 Packed-D24S8 
10:34:28: FBO PF_B5G6R5 depth/stencil support: D0S0 D0S1 D0S4 D0S8 D0S16 D16S0 D24S0 D32S0 Packed-D24S8 
10:34:28: FBO PF_A4R4G4B4 depth/stencil support: D0S0 D0S1 D0S4 D0S8 D0S16 D16S0 D24S0 D32S0 Packed-D24S8 
10:34:28: FBO PF_A1R5G5B5 depth/stencil support: D0S0 D0S1 D0S4 D0S8 D0S16 D16S0 D24S0 D32S0 Packed-D24S8 
10:34:28: FBO PF_R8G8B8 depth/stencil support: D0S0 D0S1 D0S4 D0S8 D0S16 D16S0 D24S0 D32S0 Packed-D24S8 
10:34:28: FBO PF_B8G8R8 depth/stencil support: D0S0 D0S1 D0S4 D0S8 D0S16 D16S0 D24S0 D32S0 Packed-D24S8 
10:34:28: FBO PF_A8R8G8B8 depth/stencil support: D0S0 D0S1 D0S4 D0S8 D0S16 D16S0 D24S0 D32S0 Packed-D24S8 
10:34:28: FBO PF_B8G8R8A8 depth/stencil support: D0S0 D0S1 D0S4 D0S8 D0S16 D16S0 D24S0 D32S0 Packed-D24S8 
10:34:28: FBO PF_A2R10G10B10 depth/stencil support: D0S0 D0S1 D0S4 D0S8 D0S16 D16S0 D24S0 D32S0 Packed-D24S8 
10:34:28: FBO PF_A2B10G10R10 depth/stencil support: D0S0 D0S1 D0S4 D0S8 D0S16 D16S0 D24S0 D32S0 Packed-D24S8 
10:34:28: FBO PF_FLOAT16_RGB depth/stencil support: D0S0 D0S1 D0S4 D0S8 D0S16 D16S0 D24S0 D32S0 Packed-D24S8 
10:34:28: FBO PF_FLOAT16_RGBA depth/stencil support: D0S0 D0S1 D0S4 D0S8 D0S16 D16S0 D24S0 D32S0 Packed-D24S8 
10:34:28: FBO PF_FLOAT32_RGB depth/stencil support: D0S0 D0S1 D0S4 D0S8 D0S16 D16S0 D24S0 D32S0 Packed-D24S8 
10:34:28: FBO PF_FLOAT32_RGBA depth/stencil support: D0S0 D0S1 D0S4 D0S8 D0S16 D16S0 D24S0 D32S0 Packed-D24S8 
10:34:28: FBO PF_X8R8G8B8 depth/stencil support: D0S0 D0S1 D0S4 D0S8 D0S16 D16S0 D24S0 D32S0 Packed-D24S8 
10:34:28: FBO PF_X8B8G8R8 depth/stencil support: D0S0 D0S1 D0S4 D0S8 D0S16 D16S0 D24S0 D32S0 Packed-D24S8 
10:34:28: FBO PF_SHORT_RGBA depth/stencil support: D0S0 D0S1 D0S4 D0S8 D0S16 D16S0 D24S0 D32S0 Packed-D24S8 
10:34:28: FBO PF_R3G3B2 depth/stencil support: D0S0 D0S1 D0S4 D0S8 D0S16 D16S0 D24S0 D32S0 Packed-D24S8 
10:34:28: FBO PF_FLOAT16_R depth/stencil support: D0S0 D0S1 D0S4 D0S8 D0S16 D16S0 D24S0 D32S0 Packed-D24S8 
10:34:28: FBO PF_FLOAT32_R depth/stencil support: D0S0 D0S1 D0S4 D0S8 D0S16 D16S0 D24S0 D32S0 Packed-D24S8 
10:34:28: FBO PF_SHORT_GR depth/stencil support: D0S0 D0S1 D0S4 D0S8 D0S16 D16S0 D24S0 D32S0 Packed-D24S8 
10:34:28: FBO PF_FLOAT16_GR depth/stencil support: D0S0 D0S1 D0S4 D0S8 D0S16 D16S0 D24S0 D32S0 Packed-D24S8 
10:34:28: FBO PF_FLOAT32_GR depth/stencil support: D0S0 D0S1 D0S4 D0S8 D0S16 D16S0 D24S0 D32S0 Packed-D24S8 
10:34:28: FBO PF_SHORT_RGB depth/stencil support: D0S0 D0S1 D0S4 D0S8 D0S16 D16S0 D24S0 D32S0 Packed-D24S8 
10:34:28: [GL] : Valid FBO targets PF_UNKNOWN PF_L8 PF_L16 PF_A8 PF_A4L4 PF_BYTE_LA PF_R5G6B5 PF_B5G6R5 PF_A4R4G4B4 PF_A1R5G5B5 PF_R8G8B8 PF_B8G8R8 PF_A8R8G8B8 PF_B8G8R8A8 PF_A2R10G10B10 PF_A2B10G10R10 PF_FLOAT16_RGB PF_FLOAT16_RGBA PF_FLOAT32_RGB PF_FLOAT32_RGBA PF_X8R8G8B8 PF_X8B8G8R8 PF_SHORT_RGBA PF_R3G3B2 PF_FLOAT16_R PF_FLOAT32_R PF_SHORT_GR PF_FLOAT16_GR PF_FLOAT32_GR PF_SHORT_RGB 
10:34:28: RenderSystem capabilities
10:34:28: -------------------------
10:34:28: RenderSystem Name: OpenGL Rendering Subsystem
10:34:28: GPU Vendor: unknown
10:34:28: Device Name: Gallium 0.4 on AMD MULLINS
10:34:28: Driver Version: 3.0.0.0
10:34:28:  * Fixed function pipeline: yes
10:34:28:  * Hardware generation of mipmaps: yes
10:34:28:  * Texture blending: yes
10:34:28:  * Anisotropic texture filtering: yes
10:34:28:  * Dot product texture operation: yes
10:34:28:  * Cube mapping: yes
10:34:28:  * Hardware stencil buffer: yes
10:34:28:    - Stencil depth: 8
10:34:28:    - Two sided stencil support: yes
10:34:28:    - Wrap stencil values: yes
10:34:28:  * Hardware vertex / index buffers: yes
10:34:28:  * Vertex programs: yes
10:34:28:  * Number of floating-point constants for vertex programs: 4096
10:34:28:  * Number of integer constants for vertex programs: 0
10:34:28:  * Number of boolean constants for vertex programs: 0
10:34:28:  * Fragment programs: yes
10:34:28:  * Number of floating-point constants for fragment programs: 4096
10:34:28:  * Number of integer constants for fragment programs: 0
10:34:28:  * Number of boolean constants for fragment programs: 0
10:34:28:  * Geometry programs: no
10:34:28:  * Number of floating-point constants for geometry programs: 0
10:34:28:  * Number of integer constants for geometry programs: 11992
10:34:28:  * Number of boolean constants for geometry programs: 867
10:34:28:  * Tesselation Hull programs: no
10:34:28:  * Number of floating-point constants for tesselation hull programs: 12872
10:34:28:  * Number of integer constants for tesselation hull programs: 867
10:34:28:  * Number of boolean constants for tesselation hull programs: 0
10:34:28:  * Tesselation Domain programs: no
10:34:28:  * Number of floating-point constants for tesselation domain programs: 0
10:34:28:  * Number of integer constants for tesselation domain programs: 12952
10:34:28:  * Number of boolean constants for tesselation domain programs: 867
10:34:28:  * Compute programs: no
10:34:28:  * Number of floating-point constants for compute programs: 0
10:34:28:  * Number of integer constants for compute programs: 0
10:34:28:  * Number of boolean constants for compute programs: 13032
10:34:28:  * Supported Shader Profiles: arbfp1 arbvp1 glsl
10:34:28:  * Texture Compression: yes
10:34:28:    - DXT: yes
10:34:28:    - VTC: no
10:34:28:    - PVRTC: no
10:34:28:    - ATC: no
10:34:28:    - ETC1: no
10:34:28:    - ETC2: no
10:34:28:    - BC4/BC5: no
10:34:28:    - BC6H/BC7: no
10:34:28:  * Scissor Rectangle: yes
10:34:28:  * Hardware Occlusion Query: yes
10:34:28:  * User clip planes: yes
10:34:28:  * VET_UBYTE4 vertex element type: yes
10:34:28:  * Infinite far plane projection: yes
10:34:28:  * Hardware render-to-texture: yes
10:34:28:  * Floating point textures: yes
10:34:28:  * Non-power-of-two textures: yes
10:34:28:  * 1d textures: yes
10:34:28:  * Volume textures: yes
10:34:28:  * Multiple Render Targets: 8
10:34:28:    - With different bit depths: yes
10:34:28:  * Point Sprites: yes
10:34:28:  * Extended point parameters: yes
10:34:28:  * Max Point Size: 16384
10:34:28:  * Vertex texture fetch: yes
10:34:28:  * Number of world matrices: 0
10:34:28:  * Number of texture units: 16
10:34:28:  * Stencil buffer depth: 8
10:34:28:  * Number of vertex blend matrices: 0
10:34:28:    - Max vertex textures: 16
10:34:28:    - Vertex textures shared: yes
10:34:28:  * Render to Vertex Buffer : no
10:34:28:  * Hardware Atomic Counters: no
10:34:28:  * GL 1.5 without VBO workaround: no
10:34:28:  * Frame Buffer objects: yes
10:34:28:  * Frame Buffer objects (ARB extension): no
10:34:28:  * Frame Buffer objects (ATI extension): no
10:34:28:  * PBuffer support: yes
10:34:28:  * GL 1.5 without HW-occlusion workaround: no
10:34:28:  * Vertex Array Objects: no
10:34:28:  * Separate shader objects: no
10:34:28: DefaultWorkQueue('Root') initialising on thread 7efbf7f90780.
10:34:28: DefaultWorkQueue('Root')::WorkerFunc - thread 7efbdbb98700 starting.
10:34:28: DefaultWorkQueue('Root')::WorkerFunc - thread 7efbdb397700 starting.
10:34:28: DefaultWorkQueue('Root')::WorkerFunc - thread 7efbdab96700 starting.
10:34:28: DefaultWorkQueue('Root')::WorkerFunc - thread 7efbd3fff700 starting.
10:34:28: Particle Renderer Type 'billboard' registered
10:34:28: Added resource location '/usr/share/games/openmw/resources/mygui' of type 'FileSystem' to resource group 'General' with recursive option
10:34:35: Unregistering ResourceManager for type Font
10:34:35: DefaultWorkQueue('Root') shutting down on thread 7efbf7f90780.
10:34:35: DefaultWorkQueue('Root')::WorkerFunc - thread 7efbdbb98700 stopped.
10:34:35: DefaultWorkQueue('Root')::WorkerFunc - thread 7efbdb397700 stopped.
10:34:35: DefaultWorkQueue('Root')::WorkerFunc - thread 7efbdab96700 stopped.
10:34:35: DefaultWorkQueue('Root')::WorkerFunc - thread 7efbd3fff700 stopped.
10:34:35: *-*-* OGRE Shutdown
10:34:35: Unregistering ResourceManager for type Compositor
10:34:35: Unregistering ResourceManager for type Skeleton
10:34:35: Unregistering ResourceManager for type Mesh
10:34:35: Unregistering ResourceManager for type HighLevelGpuProgram
10:34:35: Uninstalling plugin: ParticleFX
10:34:35: Plugin successfully uninstalled
10:34:35: Unloading library /usr/lib64/OGRE/Plugin_ParticleFX.so
10:34:35: Uninstalling plugin: Cg Program Manager
10:34:35: Plugin successfully uninstalled
10:34:35: Unloading library /usr/lib64/OGRE/Plugin_CgProgramManager.so
10:34:35: Uninstalling plugin: GL RenderSystem
10:34:35: Unregistering ResourceManager for type GpuProgram
10:34:35: ******************************
*** Stopping GLX Subsystem ***
******************************
10:34:35: Unregistering ResourceManager for type Texture
10:34:35: Plugin successfully uninstalled
10:34:35: Unloading library /usr/lib64/OGRE/RenderSystem_GL.so
10:34:35: Unregistering ResourceManager for type Material
